I:\SRC\NLOCALIPC\BUILD\DEBUG\RPCRTEX.DLL
I:\src\NLocalIpc\build\Debug\rpcrtex.exp
I:\SRC\NLOCALIPC\BUILD\DEBUG\RPCRTEX.ILK
I:\src\NLocalIpc\build\Debug\rpcrtex.lib
I:\SRC\NLOCALIPC\BUILD\DEBUG\RPCRTEX.PDB
I:\src\NLocalIpc\src\..\build\Debug\rpcrtex.dll
I:\src\NLocalIpc\src\..\build\Debug\rpcrtex.ilk
I:\src\NLocalIpc\src\..\build\Debug\rpcrtex.pdb
I:\src\NLocalIpc\src\rpcrtex\x64\Debug\cl.command.1.tlog
I:\src\NLocalIpc\src\rpcrtex\x64\Debug\CL.read.1.tlog
I:\src\NLocalIpc\src\rpcrtex\x64\Debug\CL.write.1.tlog
I:\SRC\NLOCALIPC\SRC\RPCRTEX\X64\DEBUG\DLLMAIN.OBJ
I:\src\NLocalIpc\src\rpcrtex\x64\Debug\link.10512.read.1.tlog
I:\src\NLocalIpc\src\rpcrtex\x64\Debug\link.10512.write.1.tlog
I:\src\NLocalIpc\src\rpcrtex\x64\Debug\link.10512-cvtres.read.1.tlog
I:\src\NLocalIpc\src\rpcrtex\x64\Debug\link.10512-cvtres.write.1.tlog
I:\src\NLocalIpc\src\rpcrtex\x64\Debug\link.17984.read.1.tlog
I:\src\NLocalIpc\src\rpcrtex\x64\Debug\link.17984.write.1.tlog
I:\src\NLocalIpc\src\rpcrtex\x64\Debug\link.17984-cvtres.read.1.tlog
I:\src\NLocalIpc\src\rpcrtex\x64\Debug\link.17984-cvtres.write.1.tlog
I:\src\NLocalIpc\src\rpcrtex\x64\Debug\link.command.1.tlog
I:\src\NLocalIpc\src\rpcrtex\x64\Debug\link.read.1.tlog
I:\src\NLocalIpc\src\rpcrtex\x64\Debug\link.write.1.tlog
I:\src\NLocalIpc\src\rpcrtex\x64\Debug\link-cvtres.read.1.tlog
I:\src\NLocalIpc\src\rpcrtex\x64\Debug\link-cvtres.write.1.tlog
I:\src\NLocalIpc\src\rpcrtex\x64\Debug\mt.command.1.tlog
I:\src\NLocalIpc\src\rpcrtex\x64\Debug\mt.read.1.tlog
I:\src\NLocalIpc\src\rpcrtex\x64\Debug\mt.write.1.tlog
I:\src\NLocalIpc\src\rpcrtex\x64\Debug\rc.command.1.tlog
I:\src\NLocalIpc\src\rpcrtex\x64\Debug\rc.read.1.tlog
I:\src\NLocalIpc\src\rpcrtex\x64\Debug\rc.write.1.tlog
I:\SRC\NLOCALIPC\SRC\RPCRTEX\X64\DEBUG\RPCRTEX.DLL.EMBED.MANIFEST
I:\SRC\NLOCALIPC\SRC\RPCRTEX\X64\DEBUG\RPCRTEX.DLL.EMBED.MANIFEST.RES
I:\SRC\NLOCALIPC\SRC\RPCRTEX\X64\DEBUG\RPCRTEX.DLL.INTERMEDIATE.MANIFEST
I:\SRC\NLOCALIPC\SRC\RPCRTEX\X64\DEBUG\RPCRTEX.OBJ
I:\SRC\NLOCALIPC\SRC\RPCRTEX\X64\DEBUG\RPCRTEX.PCH
I:\src\NLocalIpc\src\rpcrtex\x64\Debug\rpcrtex.write.1.tlog
I:\src\NLocalIpc\src\rpcrtex\x64\Debug\rpcrtex_manifest.rc
I:\SRC\NLOCALIPC\SRC\RPCRTEX\X64\DEBUG\STDAFX.OBJ
I:\src\NLocalIpc\src\rpcrtex\x64\Debug\vc100.idb
I:\SRC\NLOCALIPC\SRC\RPCRTEX\X64\DEBUG\VC100.PDB
